<?xml version="1.0" encoding="UTF-8"?>
<testng-results skipped="0" failed="0" total="1" passed="1">
  <reporter-output>
  </reporter-output>
  <suite name="Default suite" duration-ms="13596" started-at="2019-03-25T03:19:17Z" finished-at="2019-03-25T03:19:30Z">
    <groups>
    </groups>
    <test name="Default test" duration-ms="13596" started-at="2019-03-25T03:19:17Z" finished-at="2019-03-25T03:19:30Z">
      <class name="login.login">
        <test-method status="PASS" signature="sept()[pri:0, instance:login.login@224aed64]" name="sept" is-config="true" duration-ms="2927" started-at="2019-03-25T11:19:17Z" finished-at="2019-03-25T11:19:20Z">
          <reporter-output>
          </reporter-output>
        </test-method> <!-- sept -->
        <test-method status="PASS" signature="login1()[pri:0, instance:login.login@224aed64]" name="login1" duration-ms="7659" started-at="2019-03-25T11:19:20Z" finished-at="2019-03-25T11:19:27Z">
          <reporter-output>
          </reporter-output>
        </test-method> <!-- login1 -->
        <test-method status="PASS" signature="gb()[pri:0, instance:login.login@224aed64]" name="gb" is-config="true" duration-ms="3001" started-at="2019-03-25T11:19:27Z" finished-at="2019-03-25T11:19:30Z">
          <reporter-output>
          </reporter-output>
        </test-method> <!-- gb -->
      </class> <!-- login.login -->
    </test> <!-- Default test -->
  </suite> <!-- Default suite -->
</testng-results>
